26 juin 2012 10:27:47 org.apache.catalina.core.AprLifecycleListener init
INFO: The APR based Apache Tomcat Native library which allows optimal performance in production environments was not found on the java.library.path: C:\liferay-portal-tomcat-6.0.6-20110225\liferay-portal-6.0.6\tomcat-6.0.29\jre1.6.0_20\win\bin;.;C:\Windows\Sun\Java\bin;C:\Windows\system32;C:\Windows;C:\PROGRAM FILES\COMMON FILES\MICROSOFT SHARED\WINDOWS LIVE;C:\PROGRAM FILES (X86)\COMMON FILES\MICROSOFT SHARED\WINDOWS LIVE;C:\PROGRAM FILES (X86)\HP SIMPLEPASS 2011\X64;C:\PROGRAM FILES (X86)\HP SIMPLEPASS 2011\;C:\PROGRAM FILES\BROADCOM\BROADCOM 802.11\DRIVER;C:\Windows\SYSTEM32;C:\Windows;C:\Windows\SYSTEM32\WBEM;C:\Windows\SYSTEM32\WINDOWSPOWERSHELL\V1.0\;C:\PROGRAM FILES (X86)\WINDOWS LIVE\SHARED;C:\PROGRAM FILES (X86)\ATI TECHNOLOGIES\ATI.ACE\CORE-STATIC;C:\PROGRAM FILES\WIDCOMM\BLUETOOTH SOFTWARE\;C:\PROGRAM FILES\WIDCOMM\BLUETOOTH SOFTWARE\SYSWOW64;;C:\PROGRAM FILES (X86)\INTEL\SERVICES\IPT\;C:\Program Files\Broadcom\WHL\;C:\Program Files\Broadcom\WHL\syswow64;C:\Program Files\Broadcom\WHL\SysWow64\;C:\Program Files\Broadcom\WHL\SysWow64\syswow64;C:\Program Files (x86)\Java\jdk1.6.0_27\bin;E:\wamp\bin\php\php5.3.9;C:\ZendFramework-1.11.11\bin;C:\PortableApps\SysinternalsSuite;C:\apache-ant-1.8.4\bin
26 juin 2012 10:27:47 org.apache.coyote.http11.Http11Protocol init
INFO: Initialisation de Coyote HTTP/1.1 sur http-8080
26 juin 2012 10:27:47 org.apache.catalina.startup.Catalina load
INFO: Initialization processed in 332 ms
26 juin 2012 10:27:47 org.apache.catalina.core.StandardService start
INFO: Démarrage du service Catalina
26 juin 2012 10:27:47 org.apache.catalina.core.StandardEngine start
INFO: Starting Servlet Engine: Apache Tomcat/6.0.29
26 juin 2012 10:27:47 org.apache.catalina.startup.HostConfig deployDescriptor
INFO: Déploiement du descripteur de configuration ROOT.xml
26 juin 2012 10:28:23 org.apache.catalina.startup.HostConfig deployDirectory
INFO: Déploiement du répertoire chat-portlet de l'application web
26 juin 2012 10:28:24 org.apache.catalina.startup.HostConfig deployDirectory
INFO: Déploiement du répertoire default-site-templates-hook de l'application web
26 juin 2012 10:28:26 org.apache.catalina.startup.HostConfig deployDirectory
INFO: Déploiement du répertoire google-maps-portlet de l'application web
26 juin 2012 10:28:26 org.apache.catalina.startup.HostConfig deployDirectory
INFO: Déploiement du répertoire kaleo-web de l'application web
26 juin 2012 10:28:29 org.apache.catalina.startup.HostConfig deployDirectory
INFO: Déploiement du répertoire mail-portlet de l'application web
26 juin 2012 10:28:30 org.apache.catalina.startup.HostConfig deployDirectory
INFO: Déploiement du répertoire opensocial-portlet de l'application web
26 juin 2012 10:28:37 org.apache.catalina.startup.HostConfig deployDirectory
INFO: Déploiement du répertoire sevencogs-hook de l'application web
26 juin 2012 10:28:37 org.apache.catalina.startup.HostConfig deployDirectory
INFO: Déploiement du répertoire sevencogs-mobile-theme de l'application web
26 juin 2012 10:28:37 org.apache.catalina.startup.HostConfig deployDirectory
INFO: Déploiement du répertoire sevencogs-theme de l'application web
26 juin 2012 10:28:39 org.apache.catalina.startup.HostConfig deployDirectory
INFO: Déploiement du répertoire social-networking-portlet de l'application web
26 juin 2012 10:28:41 org.apache.catalina.startup.HostConfig deployDirectory
INFO: Déploiement du répertoire tunnel-web de l'application web
26 juin 2012 10:28:42 org.apache.catalina.startup.HostConfig deployDirectory
INFO: Déploiement du répertoire web-form-portlet de l'application web
26 juin 2012 10:28:57 org.apache.catalina.startup.HostConfig deployDirectory
INFO: Déploiement du répertoire wsrp-portlet de l'application web
26 juin 2012 10:29:00 org.apache.coyote.http11.Http11Protocol start
INFO: Démarrage de Coyote HTTP/1.1 sur http-8080
26 juin 2012 10:29:00 org.apache.jk.common.ChannelSocket init
INFO: JK: ajp13 listening on /0.0.0.0:8009
26 juin 2012 10:29:00 org.apache.jk.server.JkMain start
INFO: Jk running ID=0 time=0/28  config=null
26 juin 2012 10:29:01 org.apache.catalina.startup.Catalina start
INFO: Server startup in 73741 ms
26 juin 2012 10:52:11 org.apache.coyote.http11.Http11Protocol pause
INFO: Suspension de Coyote HTTP/1.1 sur http-8080
26 juin 2012 10:52:12 org.apache.catalina.core.StandardService stop
INFO: Arrêt du service Catalina
26 juin 2012 10:52:17 org.apache.catalina.loader.WebappClassLoader clearThreadLocalMap
GRAVE: The web application [/wsrp-portlet] created a ThreadLocal with key of type [org.apache.axis.utils.XMLUtils.ThreadLocalDocumentBuilder] (value [org.apache.axis.utils.XMLUtils$ThreadLocalDocumentBuilder@16d5d6c]) and a value of type [com.sun.org.apache.xerces.internal.jaxp.DocumentBuilderImpl] (value [com.sun.org.apache.xerces.internal.jaxp.DocumentBuilderImpl@11071ac]) but failed to remove it when the web application was stopped. This is very likely to create a memory leak.
26 juin 2012 10:52:17 org.apache.catalina.loader.WebappClassLoader clearReferencesThreads
GRAVE: The web application [/opensocial-portlet] appears to have started a thread named [com.google.inject.internal.Finalizer] but has failed to stop it. This is very likely to create a memory leak.
26 juin 2012 10:52:17 org.apache.catalina.loader.WebappClassLoader clearThreadLocalMap
GRAVE: The web application [/opensocial-portlet] created a ThreadLocal with key of type [null] (value [org.apache.shindig.common.xml.XmlUtil$2@1bea98f]) and a value of type [org.apache.xerces.jaxp.DocumentBuilderImpl] (value [org.apache.xerces.jaxp.DocumentBuilderImpl@6e0d01]) but failed to remove it when the web application was stopped. This is very likely to create a memory leak.
26 juin 2012 10:52:17 org.apache.catalina.loader.WebappClassLoader clearThreadLocalMap
GRAVE: The web application [/opensocial-portlet] created a ThreadLocal with key of type [null] (value [com.google.inject.InjectorImpl$1@117e3da]) and a value of type [java.lang.Object[]] (value [[Ljava.lang.Object;@17024c0]) but failed to remove it when the web application was stopped. This is very likely to create a memory leak.
26 juin 2012 10:52:18 org.apache.coyote.http11.Http11Protocol destroy
INFO: Arrêt de Coyote HTTP/1.1 sur http-8080
26 juin 2012 10:53:07 org.apache.catalina.core.AprLifecycleListener init
INFO: The APR based Apache Tomcat Native library which allows optimal performance in production environments was not found on the java.library.path: C:\liferay-portal-tomcat-6.0.6-20110225\liferay-portal-6.0.6\tomcat-6.0.29\jre1.6.0_20\win\bin;.;C:\Windows\Sun\Java\bin;C:\Windows\system32;C:\Windows
26 juin 2012 10:53:07 org.apache.coyote.http11.Http11Protocol init
INFO: Initialisation de Coyote HTTP/1.1 sur http-8080
26 juin 2012 10:53:07 org.apache.catalina.startup.Catalina load
INFO: Initialization processed in 385 ms
26 juin 2012 10:53:07 org.apache.catalina.core.StandardService start
INFO: Démarrage du service Catalina
26 juin 2012 10:53:07 org.apache.catalina.core.StandardEngine start
INFO: Starting Servlet Engine: Apache Tomcat/6.0.29
26 juin 2012 10:53:07 org.apache.catalina.startup.HostConfig deployDescriptor
INFO: Déploiement du descripteur de configuration ROOT.xml
26 juin 2012 10:53:37 org.apache.catalina.startup.HostConfig deployDirectory
INFO: Déploiement du répertoire chat-portlet de l'application web
26 juin 2012 10:53:38 org.apache.catalina.startup.HostConfig deployDirectory
INFO: Déploiement du répertoire default-site-templates-hook de l'application web
26 juin 2012 10:53:38 org.apache.catalina.startup.HostConfig deployDirectory
INFO: Déploiement du répertoire google-maps-portlet de l'application web
26 juin 2012 10:53:39 org.apache.catalina.startup.HostConfig deployDirectory
INFO: Déploiement du répertoire kaleo-web de l'application web
26 juin 2012 10:53:41 org.apache.catalina.startup.HostConfig deployDirectory
INFO: Déploiement du répertoire mail-portlet de l'application web
26 juin 2012 10:53:43 org.apache.catalina.startup.HostConfig deployDirectory
INFO: Déploiement du répertoire opensocial-portlet de l'application web
26 juin 2012 10:53:50 org.apache.catalina.startup.HostConfig deployDirectory
INFO: Déploiement du répertoire sevencogs-hook de l'application web
26 juin 2012 10:53:50 org.apache.catalina.startup.HostConfig deployDirectory
INFO: Déploiement du répertoire sevencogs-mobile-theme de l'application web
26 juin 2012 10:53:51 org.apache.catalina.startup.HostConfig deployDirectory
INFO: Déploiement du répertoire sevencogs-theme de l'application web
26 juin 2012 10:53:51 org.apache.catalina.startup.HostConfig deployDirectory
INFO: Déploiement du répertoire social-networking-portlet de l'application web
26 juin 2012 10:53:53 org.apache.catalina.startup.HostConfig deployDirectory
INFO: Déploiement du répertoire tunnel-web de l'application web
26 juin 2012 10:53:55 org.apache.catalina.startup.HostConfig deployDirectory
INFO: Déploiement du répertoire web-form-portlet de l'application web
26 juin 2012 10:53:55 org.apache.catalina.startup.HostConfig deployDirectory
INFO: Déploiement du répertoire wsrp-portlet de l'application web
26 juin 2012 10:53:58 org.apache.coyote.http11.Http11Protocol start
INFO: Démarrage de Coyote HTTP/1.1 sur http-8080
26 juin 2012 10:53:58 org.apache.jk.common.ChannelSocket init
INFO: JK: ajp13 listening on /0.0.0.0:8009
26 juin 2012 10:53:58 org.apache.jk.server.JkMain start
INFO: Jk running ID=0 time=0/23  config=null
26 juin 2012 10:53:58 org.apache.catalina.startup.Catalina start
INFO: Server startup in 51428 ms
26 juin 2012 10:58:18 org.apache.coyote.http11.Http11Protocol pause
INFO: Suspension de Coyote HTTP/1.1 sur http-8080
26 juin 2012 10:58:19 org.apache.catalina.core.StandardService stop
INFO: Arrêt du service Catalina
26 juin 2012 10:58:24 org.apache.catalina.loader.WebappClassLoader clearThreadLocalMap
GRAVE: The web application [/wsrp-portlet] created a ThreadLocal with key of type [org.apache.axis.utils.XMLUtils.ThreadLocalDocumentBuilder] (value [org.apache.axis.utils.XMLUtils$ThreadLocalDocumentBuilder@7e68a3]) and a value of type [com.sun.org.apache.xerces.internal.jaxp.DocumentBuilderImpl] (value [com.sun.org.apache.xerces.internal.jaxp.DocumentBuilderImpl@107d1b2]) but failed to remove it when the web application was stopped. This is very likely to create a memory leak.
26 juin 2012 10:58:24 org.apache.catalina.loader.WebappClassLoader clearReferencesThreads
GRAVE: The web application [/opensocial-portlet] appears to have started a thread named [com.google.inject.internal.Finalizer] but has failed to stop it. This is very likely to create a memory leak.
26 juin 2012 10:58:24 org.apache.catalina.loader.WebappClassLoader clearThreadLocalMap
GRAVE: The web application [/opensocial-portlet] created a ThreadLocal with key of type [null] (value [org.apache.shindig.common.xml.XmlUtil$2@1089735]) and a value of type [org.apache.xerces.jaxp.DocumentBuilderImpl] (value [org.apache.xerces.jaxp.DocumentBuilderImpl@ff33c6]) but failed to remove it when the web application was stopped. This is very likely to create a memory leak.
26 juin 2012 10:58:24 org.apache.catalina.loader.WebappClassLoader clearThreadLocalMap
GRAVE: The web application [/opensocial-portlet] created a ThreadLocal with key of type [null] (value [com.google.inject.InjectorImpl$1@a03094]) and a value of type [java.lang.Object[]] (value [[Ljava.lang.Object;@d5533a]) but failed to remove it when the web application was stopped. This is very likely to create a memory leak.
26 juin 2012 10:58:25 org.apache.coyote.http11.Http11Protocol destroy
INFO: Arrêt de Coyote HTTP/1.1 sur http-8080
26 juin 2012 11:02:27 org.apache.catalina.core.AprLifecycleListener init
INFO: The APR based Apache Tomcat Native library which allows optimal performance in production environments was not found on the java.library.path: C:\liferay-portal-tomcat-6.0.6-20110225\liferay-portal-6.0.6\tomcat-6.0.29\jre1.6.0_20\win\bin;.;C:\Windows\Sun\Java\bin;C:\Windows\system32;C:\Windows
26 juin 2012 11:02:27 org.apache.coyote.http11.Http11Protocol init
INFO: Initialisation de Coyote HTTP/1.1 sur http-8080
26 juin 2012 11:02:27 org.apache.catalina.startup.Catalina load
INFO: Initialization processed in 351 ms
26 juin 2012 11:02:27 org.apache.catalina.core.StandardService start
INFO: Démarrage du service Catalina
26 juin 2012 11:02:27 org.apache.catalina.core.StandardEngine start
INFO: Starting Servlet Engine: Apache Tomcat/6.0.29
26 juin 2012 11:02:27 org.apache.catalina.startup.HostConfig deployDescriptor
INFO: Déploiement du descripteur de configuration ROOT.xml
26 juin 2012 11:02:56 org.apache.catalina.startup.HostConfig deployDirectory
INFO: Déploiement du répertoire chat-portlet de l'application web
26 juin 2012 11:02:58 org.apache.catalina.startup.HostConfig deployDirectory
INFO: Déploiement du répertoire default-site-templates-hook de l'application web
26 juin 2012 11:02:59 org.apache.catalina.startup.HostConfig deployDirectory
INFO: Déploiement du répertoire google-maps-portlet de l'application web
26 juin 2012 11:02:59 org.apache.catalina.startup.HostConfig deployDirectory
INFO: Déploiement du répertoire kaleo-web de l'application web
26 juin 2012 11:03:01 org.apache.catalina.startup.HostConfig deployDirectory
INFO: Déploiement du répertoire mail-portlet de l'application web
26 juin 2012 11:03:04 org.apache.catalina.startup.HostConfig deployDirectory
INFO: Déploiement du répertoire opensocial-portlet de l'application web
26 juin 2012 11:03:13 org.apache.catalina.startup.HostConfig deployDirectory
INFO: Déploiement du répertoire sevencogs-hook de l'application web
26 juin 2012 11:03:13 org.apache.catalina.startup.HostConfig deployDirectory
INFO: Déploiement du répertoire sevencogs-mobile-theme de l'application web
26 juin 2012 11:03:13 org.apache.catalina.startup.HostConfig deployDirectory
INFO: Déploiement du répertoire sevencogs-theme de l'application web
26 juin 2012 11:03:14 org.apache.catalina.startup.HostConfig deployDirectory
INFO: Déploiement du répertoire social-networking-portlet de l'application web
26 juin 2012 11:03:16 org.apache.catalina.startup.HostConfig deployDirectory
INFO: Déploiement du répertoire tunnel-web de l'application web
26 juin 2012 11:03:17 org.apache.catalina.startup.HostConfig deployDirectory
INFO: Déploiement du répertoire web-form-portlet de l'application web
26 juin 2012 11:03:18 org.apache.catalina.startup.HostConfig deployDirectory
INFO: Déploiement du répertoire wsrp-portlet de l'application web
26 juin 2012 11:03:20 org.apache.coyote.http11.Http11Protocol start
INFO: Démarrage de Coyote HTTP/1.1 sur http-8080
26 juin 2012 11:03:20 org.apache.jk.common.ChannelSocket init
INFO: JK: ajp13 listening on /0.0.0.0:8009
26 juin 2012 11:03:20 org.apache.jk.server.JkMain start
INFO: Jk running ID=0 time=0/24  config=null
26 juin 2012 11:03:20 org.apache.catalina.startup.Catalina start
INFO: Server startup in 52950 ms
26 juin 2012 11:06:40 org.apache.catalina.startup.HostConfig deployDescriptor
INFO: Déploiement du descripteur de configuration portabl004.xml
26 juin 2012 11:09:41 org.apache.catalina.startup.HostConfig deployDescriptor
INFO: Déploiement du descripteur de configuration portlet005.xml
26 juin 2012 16:48:28 org.apache.coyote.http11.Http11Protocol pause
INFO: Suspension de Coyote HTTP/1.1 sur http-8080
26 juin 2012 16:48:29 org.apache.catalina.core.StandardService stop
INFO: Arrêt du service Catalina
26 juin 2012 16:48:34 org.apache.catalina.loader.WebappClassLoader clearReferencesThreads
GRAVE: The web application [] appears to have started a thread named [HSQLDB Timer @52f73e] but has failed to stop it. This is very likely to create a memory leak.
26 juin 2012 16:49:02 org.apache.catalina.loader.WebappClassLoader clearThreadLocalMap
GRAVE: The web application [/wsrp-portlet] created a ThreadLocal with key of type [org.apache.axis.utils.XMLUtils.ThreadLocalDocumentBuilder] (value [org.apache.axis.utils.XMLUtils$ThreadLocalDocumentBuilder@69df61]) and a value of type [com.sun.org.apache.xerces.internal.jaxp.DocumentBuilderImpl] (value [com.sun.org.apache.xerces.internal.jaxp.DocumentBuilderImpl@c890e2]) but failed to remove it when the web application was stopped. This is very likely to create a memory leak.
26 juin 2012 16:49:03 org.apache.catalina.loader.WebappClassLoader clearReferencesThreads
GRAVE: The web application [/opensocial-portlet] appears to have started a thread named [com.google.inject.internal.Finalizer] but has failed to stop it. This is very likely to create a memory leak.
26 juin 2012 16:49:03 org.apache.catalina.loader.WebappClassLoader clearThreadLocalMap
GRAVE: The web application [/opensocial-portlet] created a ThreadLocal with key of type [null] (value [org.apache.shindig.common.xml.XmlUtil$2@1d43c45]) and a value of type [org.apache.xerces.jaxp.DocumentBuilderImpl] (value [org.apache.xerces.jaxp.DocumentBuilderImpl@c10f5e]) but failed to remove it when the web application was stopped. This is very likely to create a memory leak.
26 juin 2012 16:49:03 org.apache.catalina.loader.WebappClassLoader clearThreadLocalMap
GRAVE: The web application [/opensocial-portlet] created a ThreadLocal with key of type [null] (value [com.google.inject.InjectorImpl$1@d810d1]) and a value of type [java.lang.Object[]] (value [[Ljava.lang.Object;@1381822]) but failed to remove it when the web application was stopped. This is very likely to create a memory leak.
26 juin 2012 16:49:05 org.apache.coyote.http11.Http11Protocol destroy
INFO: Arrêt de Coyote HTTP/1.1 sur http-8080
